<?xml version="1.0" encoding="UTF-8"?>
<!-- Generated by org.testng.reporters.JUnitXMLReporter -->
<testsuite ignored="3" hostname="DESKTOP-122O0EN" failures="0" tests="1" name="Default test" time="2.099" errors="0" timestamp="28 May 2023 03:49:23 GMT">
  <testcase classname="com.test.LoginTest" name="@BeforeMethod CorrectCred" time="2.019">
    <failure type="org.openqa.selenium.SessionNotCreatedException" message="session not created: This version of ChromeDriver only supports Chrome version 109
Current browser version is 113.0.5672.127 with binary path C:\Program Files (x86)\Google\Chrome\Application\chrome.exe
Build info: version: &amp;apos;3.141.59&amp;apos;, revision: &amp;apos;e82be7d358&amp;apos;, time: &amp;apos;2018-11-14T08:17:03&amp;apos;
System info: host: &amp;apos;DESKTOP-122O0EN&amp;apos;, ip: &amp;apos;192.168.1.206&amp;apos;, os.name: &amp;apos;Windows 10&amp;apos;, os.arch: &amp;apos;amd64&amp;apos;, os.version: &amp;apos;10.0&amp;apos;, java.version: &amp;apos;11.0.17&amp;apos;
Driver info: driver.version: ChromeDriver
remote stacktrace: Backtrace:
	(No symbol) [0x00C86643]
	(No symbol) [0x00C1BE21]
	(No symbol) [0x00B1DA9D]
	(No symbol) [0x00B42911]
	(No symbol) [0x00B3D630]
	(No symbol) [0x00B3A899]
	(No symbol) [0x00B76917]
	(No symbol) [0x00B7655C]
	(No symbol) [0x00B6FB76]
	(No symbol) [0x00B449C1]
	(No symbol) [0x00B45E5D]
	GetHandleVerifier [0x00EFA142+2497106]
	GetHandleVerifier [0x00F285D3+2686691]
	GetHandleVerifier [0x00F2BB9C+2700460]
	GetHandleVerifier [0x00D33B10+635936]
	(No symbol) [0x00C24A1F]
	(No symbol) [0x00C2A418]
	(No symbol) [0x00C2A505]
	(No symbol) [0x00C3508B]
	BaseThreadInitThunk [0x76E800C9+25]
	RtlGetAppContainerNamedObjectPath [0x77AD7B4E+286]
	RtlGetAppContainerNamedObjectPath [0x77AD7B1E+238]
">
      <![CDATA[org.openqa.selenium.SessionNotCreatedException: session not created: This version of ChromeDriver only supports Chrome version 109
Current browser version is 113.0.5672.127 with binary path C:\Program Files (x86)\Google\Chrome\Application\chrome.exe
Build info: version: '3.141.59', revision: 'e82be7d358', time: '2018-11-14T08:17:03'
System info: host: 'DESKTOP-122O0EN', ip: '192.168.1.206', os.name: 'Windows 10', os.arch: 'amd64', os.version: '10.0', java.version: '11.0.17'
Driver info: driver.version: ChromeDriver
remote stacktrace: Backtrace:
(No symbol) [0x00C86643]
(No symbol) [0x00C1BE21]
(No symbol) [0x00B1DA9D]
(No symbol) [0x00B42911]
(No symbol) [0x00B3D630]
(No symbol) [0x00B3A899]
(No symbol) [0x00B76917]
(No symbol) [0x00B7655C]
(No symbol) [0x00B6FB76]
(No symbol) [0x00B449C1]
(No symbol) [0x00B45E5D]
GetHandleVerifier [0x00EFA142+2497106]
GetHandleVerifier [0x00F285D3+2686691]
GetHandleVerifier [0x00F2BB9C+2700460]
GetHandleVerifier [0x00D33B10+635936]
(No symbol) [0x00C24A1F]
(No symbol) [0x00C2A418]
(No symbol) [0x00C2A505]
(No symbol) [0x00C3508B]
BaseThreadInitThunk [0x76E800C9+25]
RtlGetAppContainerNamedObjectPath [0x77AD7B4E+286]
RtlGetAppContainerNamedObjectPath [0x77AD7B1E+238]

at java.base/jdk.internal.reflect.NativeConstructorAccessorImpl.newInstance0(Native Method)
at java.base/jdk.internal.reflect.NativeConstructorAccessorImpl.newInstance(NativeConstructorAccessorImpl.java:62)
at java.base/jdk.internal.reflect.DelegatingConstructorAccessorImpl.newInstance(DelegatingConstructorAccessorImpl.java:45)
at java.base/java.lang.reflect.Constructor.newInstance(Constructor.java:490)
at org.openqa.selenium.remote.W3CHandshakeResponse.lambda$errorHandler$0(W3CHandshakeResponse.java:62)
at org.openqa.selenium.remote.HandshakeResponse.lambda$getResponseFunction$0(HandshakeResponse.java:30)
at org.openqa.selenium.remote.ProtocolHandshake.lambda$createSession$0(ProtocolHandshake.java:126)
at java.base/java.util.stream.ReferencePipeline$3$1.accept(ReferencePipeline.java:195)
at java.base/java.util.Spliterators$ArraySpliterator.tryAdvance(Spliterators.java:958)
at java.base/java.util.stream.ReferencePipeline.forEachWithCancel(ReferencePipeline.java:127)
at java.base/java.util.stream.AbstractPipeline.copyIntoWithCancel(AbstractPipeline.java:502)
at java.base/java.util.stream.AbstractPipeline.copyInto(AbstractPipeline.java:488)
at java.base/java.util.stream.AbstractPipeline.wrapAndCopyInto(AbstractPipeline.java:474)
at java.base/java.util.stream.FindOps$FindOp.evaluateSequential(FindOps.java:150)
at java.base/java.util.stream.AbstractPipeline.evaluate(AbstractPipeline.java:234)
at java.base/java.util.stream.ReferencePipeline.findFirst(ReferencePipeline.java:543)
at org.openqa.selenium.remote.ProtocolHandshake.createSession(ProtocolHandshake.java:128)
at org.openqa.selenium.remote.ProtocolHandshake.createSession(ProtocolHandshake.java:74)
at org.openqa.selenium.remote.HttpCommandExecutor.execute(HttpCommandExecutor.java:136)
at org.openqa.selenium.remote.service.DriverCommandExecutor.execute(DriverCommandExecutor.java:83)
at org.openqa.selenium.remote.RemoteWebDriver.execute(RemoteWebDriver.java:552)
at org.openqa.selenium.remote.RemoteWebDriver.startSession(RemoteWebDriver.java:213)
at org.openqa.selenium.remote.RemoteWebDriver.<init>(RemoteWebDriver.java:131)
at org.openqa.selenium.chrome.ChromeDriver.<init>(ChromeDriver.java:181)
at org.openqa.selenium.chrome.ChromeDriver.<init>(ChromeDriver.java:168)
at org.openqa.selenium.chrome.ChromeDriver.<init>(ChromeDriver.java:123)
at com.test.LoginTest.CorrectCred(LoginTest.java:22)
at java.base/jdk.internal.reflect.NativeMethodAccessorImpl.invoke0(Native Method)
at java.base/jdk.internal.reflect.NativeMethodAccessorImpl.invoke(NativeMethodAccessorImpl.java:62)
at java.base/jdk.internal.reflect.DelegatingMethodAccessorImpl.invoke(DelegatingMethodAccessorImpl.java:43)
at java.base/java.lang.reflect.Method.invoke(Method.java:566)
at org.testng.internal.MethodInvocationHelper.invokeMethod(MethodInvocationHelper.java:124)
at org.testng.internal.MethodInvocationHelper.invokeMethodConsideringTimeout(MethodInvocationHelper.java:59)
at org.testng.internal.Invoker.invokeConfigurationMethod(Invoker.java:458)
at org.testng.internal.Invoker.invokeConfigurations(Invoker.java:222)
at org.testng.internal.Invoker.invokeMethod(Invoker.java:523)
at org.testng.internal.Invoker.invokeTestMethod(Invoker.java:719)
at org.testng.internal.Invoker.invokeTestMethods(Invoker.java:989)
at org.testng.internal.TestMethodWorker.invokeTestMethods(TestMethodWorker.java:125)
at org.testng.internal.TestMethodWorker.run(TestMethodWorker.java:109)
at org.testng.TestRunner.privateRun(TestRunner.java:648)
at org.testng.TestRunner.run(TestRunner.java:505)
at org.testng.SuiteRunner.runTest(SuiteRunner.java:455)
at org.testng.SuiteRunner.runSequentially(SuiteRunner.java:450)
at org.testng.SuiteRunner.privateRun(SuiteRunner.java:415)
at org.testng.SuiteRunner.run(SuiteRunner.java:364)
at org.testng.SuiteRunnerWorker.runSuite(SuiteRunnerWorker.java:52)
at org.testng.SuiteRunnerWorker.run(SuiteRunnerWorker.java:84)
at org.testng.TestNG.runSuitesSequentially(TestNG.java:1208)
at org.testng.TestNG.runSuitesLocally(TestNG.java:1137)
at org.testng.TestNG.runSuites(TestNG.java:1049)
at org.testng.TestNG.run(TestNG.java:1017)
at org.testng.remote.AbstractRemoteTestNG.run(AbstractRemoteTestNG.java:115)
at org.testng.remote.RemoteTestNG.initAndRun(RemoteTestNG.java:251)
at org.testng.remote.RemoteTestNG.main(RemoteTestNG.java:77)
]]>
    </failure>
  </testcase> <!-- @BeforeMethod CorrectCred -->
  <testcase classname="com.test.LoginTest" name="VerifyWrongGamilAndPassword" time="0.0">
    <skipped/>
  </testcase> <!-- VerifyWrongGamilAndPassword -->
  <testcase classname="com.test.LoginTest" name="verifyTitleOfNextPage" time="0.0">
    <ignored/>
  </testcase> <!-- verifyTitleOfNextPage -->
  <testcase classname="com.test.LoginTest" name="VerifyWrongPassword" time="0.0">
    <ignored/>
  </testcase> <!-- VerifyWrongPassword -->
  <testcase classname="com.test.LoginTest" name="VerifyWrongGmailAccount" time="0.0">
    <ignored/>
  </testcase> <!-- VerifyWrongGmailAccount -->
</testsuite> <!-- Default test -->
